
   PASS  Tests\Unit\ExampleTest
  âœ“ that true is true                                                    0.30s  

   FAIL  Tests\Feature\Api\StudyApiTest
  âœ“ a user can start a study session for their own deck                  6.58s  
  â¨¯ a user can fetch shuffled cards for their own deck                   0.35s  

   PASS  Tests\Feature\Auth\EmailVerificationTest
  âœ“ email verification screen can be rendered                            0.50s  
  âœ“ email can be verified                                                0.22s  
  âœ“ email is not verified with invalid hash                              0.24s  

   PASS  Tests\Feature\Auth\LogoutTest
  âœ“ an authenticated user can log out                                    0.15s  

   PASS  Tests\Feature\Auth\PasswordConfirmationTest
  âœ“ confirm password screen can be rendered                              2.42s  
  âœ“ password can be confirmed                                            0.74s  
  âœ“ password is not confirmed with invalid password                      0.46s  

   PASS  Tests\Feature\Auth\PasswordResetTest
  âœ“ reset password link screen can be rendered                           0.27s  
  âœ“ reset password link can be requested                                 0.74s  
  âœ“ reset password screen can be rendered                                0.62s  
  âœ“ password can be reset with valid token                               0.72s  

   PASS  Tests\Feature\Auth\PasswordUpdateTest
  âœ“ password can be updated                                              0.41s  
  âœ“ correct password must be provided to update password                 0.37s  

   PASS  Tests\Feature\Auth\RegistrationTest
  âœ“ registration screen can be rendered                                  0.20s  
  âœ“ new users can register                                               0.31s  

   PASS  Tests\Feature\DeckManagementTest
  âœ“ an authenticated user can view their own decks                       0.53s  
  âœ“ a user cannot view another user's decks page                         0.36s  
  âœ“ a user cannot view a specific deck of another user                   0.20s  

   PASS  Tests\Feature\ExampleTest
  âœ“ it returns a successful response                                     0.17s  

   FAIL  Tests\Feature\Livewire\Cards\FormTest
  âœ“ can create a new card                                                0.22s  
  â¨¯ can edit an existing card                                            0.21s  
  âœ“ validation fails for empty fields                                    0.24s  
  â¨¯ a user cannot edit a card they do not own                            0.18s  

   PASS  Tests\Feature\Livewire\Decks\FormTest
  âœ“ can create a new deck with a cover image                             0.65s  
  âœ“ can edit a deck and replace its cover image                          0.47s  
  âœ“ validation fails if deck name is not unique for the user             0.30s  

   PASS  Tests\Feature\Livewire\Decks\IndexTest
  âœ“ the component renders successfully and displays decks                0.24s  
  âœ“ does not display decks owned by other users                          0.23s  
  âœ“ can pin a deck                                                       0.24s  
  âœ“ pinned decks appear first                                            0.27s  
  âœ“ can delete a deck                                                    0.24s  
  âœ“ a user cannot delete a deck they do not own                          0.25s  

   FAIL  Tests\Feature\Livewire\Decks\ShowTest
  âœ“ the deck show page can be rendered                                   0.35s  
  âœ“ a user cannot view a deck they do not own                            0.17s  
  â¨¯ can remove a card from a deck                                        0.18s  

   FAIL  Tests\Feature\Livewire\Statistics\IndexTest
  âœ“ component renders successfully                                       0.23s  
  âœ“ calculates total completed studies correctly                         0.19s  
  â¨¯ calculates answer statistics correctly                               0.21s  
  â¨¯ finds the most wronged card                                          0.21s  

   PASS  Tests\Feature\ProfileTest
  âœ“ profile page is displayed                                            0.49s  
  âœ“ profile information can be updated                                   0.31s  
  âœ“ email verification status is unchanged when the email address is unâ€¦ 0.34s  
  âœ“ user can delete their account                                        0.25s  
  âœ“ correct password must be provided to delete account                  0.30s  
  â”€â”€â”€â”€â”€â”€â”€â”€â”€â”€â”€â”€â”€â”€â”€â”€â”€â”€â”€â”€â”€â”€â”€â”€â”€â”€â”€â”€â”€â”€â”€â”€â”€â”€â”€â”€â”€â”€â”€â”€â”€â”€â”€â”€â”€â”€â”€â”€â”€â”€â”€â”€â”€â”€â”€â”€â”€â”€â”€â”€â”€â”€â”€â”€â”€â”€â”€â”€â”€â”€â”€â”€â”€â”€â”€â”€  
   FAILED  Tests\Feature\Api\StudyApiTest > a user can fetchâ€¦  QueryException   
  SQLSTATE[HY000]: General error: 1 table cards has no column named difficulty (Connection: sqlite, SQL: insert into "cards" ("user_id", "deck_id", "question", "answer", "difficulty", "updated_at", "created_at") values (1, 1, Vel sit eos beatae eos?, Rerum alias assumenda sit consectetur omnis autem. Sunt odio exercitationem natus iste nulla nulla eos nostrum. Est nisi laboriosam nemo sequi. Suscipit voluptas id dolores accusamus voluptate quia eaque., easy, 2025-08-25 04:55:48, 2025-08-25 04:55:48))

  at vendor/laravel/framework/src/Illuminate/Database/Connection.php:564
    560â–•             if ($this->pretending()) {
    561â–•                 return true;
    562â–•             }
    563â–• 
  âžœ 564â–•             $statement = $this->getPdo()->prepare($query);
    565â–• 
    566â–•             $this->bindValues($statement, $this->prepareBindings($bindings));
    567â–• 
    568â–•             $this->recordsHaveBeenModified();

      [2m+16 vendor frames [22m
  17  tests/Feature/Api/StudyApiTest.php:25

  â”€â”€â”€â”€â”€â”€â”€â”€â”€â”€â”€â”€â”€â”€â”€â”€â”€â”€â”€â”€â”€â”€â”€â”€â”€â”€â”€â”€â”€â”€â”€â”€â”€â”€â”€â”€â”€â”€â”€â”€â”€â”€â”€â”€â”€â”€â”€â”€â”€â”€â”€â”€â”€â”€â”€â”€â”€â”€â”€â”€â”€â”€â”€â”€â”€â”€â”€â”€â”€â”€â”€â”€â”€â”€â”€â”€  
   FAILED  Tests\Feature\Livewire\Cards\FormTest > can editâ€¦   QueryException   
  SQLSTATE[23000]: Integrity constraint violation: 19 NOT NULL constraint failed: decks.user_id (Connection: sqlite, SQL: insert into "decks" ("name", "public", "updated_at", "created_at") values (voluptatem atque ut, 0, 2025-08-25 04:55:58, 2025-08-25 04:55:58))

  at vendor/laravel/framework/src/Illuminate/Database/Connection.php:570
    566â–•             $this->bindValues($statement, $this->prepareBindings($bindings));
    567â–• 
    568â–•             $this->recordsHaveBeenModified();
    569â–• 
  âžœ 570â–•             return $statement->execute();
    571â–•         });
    572â–•     }
    573â–• 
    574â–•     /**

      [2m+26 vendor frames [22m
  27  tests/Feature/Livewire/Cards/FormTest.php:38

  â”€â”€â”€â”€â”€â”€â”€â”€â”€â”€â”€â”€â”€â”€â”€â”€â”€â”€â”€â”€â”€â”€â”€â”€â”€â”€â”€â”€â”€â”€â”€â”€â”€â”€â”€â”€â”€â”€â”€â”€â”€â”€â”€â”€â”€â”€â”€â”€â”€â”€â”€â”€â”€â”€â”€â”€â”€â”€â”€â”€â”€â”€â”€â”€â”€â”€â”€â”€â”€â”€â”€â”€â”€â”€â”€â”€  
   FAILED  Tests\Feature\Livewire\Cards\FormTest > a user caâ€¦  QueryException   
  SQLSTATE[23000]: Integrity constraint violation: 19 NOT NULL constraint failed: decks.user_id (Connection: sqlite, SQL: insert into "decks" ("name", "public", "updated_at", "created_at") values (et corporis ut, 0, 2025-08-25 04:55:59, 2025-08-25 04:55:59))

  at vendor/laravel/framework/src/Illuminate/Database/Connection.php:570
    566â–•             $this->bindValues($statement, $this->prepareBindings($bindings));
    567â–• 
    568â–•             $this->recordsHaveBeenModified();
    569â–• 
  âžœ 570â–•             return $statement->execute();
    571â–•         });
    572â–•     }
    573â–• 
    574â–•     /**

      [2m+25 vendor frames [22m
  26  tests/Feature/Livewire/Cards/FormTest.php:75

  â”€â”€â”€â”€â”€â”€â”€â”€â”€â”€â”€â”€â”€â”€â”€â”€â”€â”€â”€â”€â”€â”€â”€â”€â”€â”€â”€â”€â”€â”€â”€â”€â”€â”€â”€â”€â”€â”€â”€â”€â”€â”€â”€â”€â”€â”€â”€â”€â”€â”€â”€â”€â”€â”€â”€â”€â”€â”€â”€â”€â”€â”€â”€â”€â”€â”€â”€â”€â”€â”€â”€â”€â”€â”€â”€â”€  
   FAILED  Tests\Feature\Livewire\Decks\ShowTest > can removâ€¦  QueryException   
  SQLSTATE[HY000]: General error: 1 table cards has no column named difficulty (Connection: sqlite, SQL: insert into "cards" ("user_id", "deck_id", "question", "answer", "difficulty", "updated_at", "created_at") values (1, 1, Optio repellendus ea sunt vitae facere sed excepturi?, Atque ea ut autem placeat sint consectetur porro. Accusantium et rerum natus quam velit aut., hard, 2025-08-25 04:56:02, 2025-08-25 04:56:02))

  at vendor/laravel/framework/src/Illuminate/Database/Connection.php:564
    560â–•             if ($this->pretending()) {
    561â–•                 return true;
    562â–•             }
    563â–• 
  âžœ 564â–•             $statement = $this->getPdo()->prepare($query);
    565â–• 
    566â–•             $this->bindValues($statement, $this->prepareBindings($bindings));
    567â–• 
    568â–•             $this->recordsHaveBeenModified();

      [2m+16 vendor frames [22m
  17  tests/Feature/Livewire/Decks/ShowTest.php:32

  â”€â”€â”€â”€â”€â”€â”€â”€â”€â”€â”€â”€â”€â”€â”€â”€â”€â”€â”€â”€â”€â”€â”€â”€â”€â”€â”€â”€â”€â”€â”€â”€â”€â”€â”€â”€â”€â”€â”€â”€â”€â”€â”€â”€â”€â”€â”€â”€â”€â”€â”€â”€â”€â”€â”€â”€â”€â”€â”€â”€â”€â”€â”€â”€â”€â”€â”€â”€â”€â”€â”€â”€â”€â”€â”€â”€  
   FAILED  Tests\Feature\Livewire\Statistics\IndexTest > calâ€¦  QueryException   
  SQLSTATE[23000]: Integrity constraint violation: 19 NOT NULL constraint failed: decks.user_id (Connection: sqlite, SQL: insert into "decks" ("name", "public", "updated_at", "created_at") values (modi non minus, 0, 2025-08-25 04:56:03, 2025-08-25 04:56:03))

  at vendor/laravel/framework/src/Illuminate/Database/Connection.php:570
    566â–•             $this->bindValues($statement, $this->prepareBindings($bindings));
    567â–• 
    568â–•             $this->recordsHaveBeenModified();
    569â–• 
  âžœ 570â–•             return $statement->execute();
    571â–•         });
    572â–•     }
    573â–• 
    574â–•     /**

      [2m+26 vendor frames [22m
  27  tests/Feature/Livewire/Statistics/IndexTest.php:34

  â”€â”€â”€â”€â”€â”€â”€â”€â”€â”€â”€â”€â”€â”€â”€â”€â”€â”€â”€â”€â”€â”€â”€â”€â”€â”€â”€â”€â”€â”€â”€â”€â”€â”€â”€â”€â”€â”€â”€â”€â”€â”€â”€â”€â”€â”€â”€â”€â”€â”€â”€â”€â”€â”€â”€â”€â”€â”€â”€â”€â”€â”€â”€â”€â”€â”€â”€â”€â”€â”€â”€â”€â”€â”€â”€â”€  
   FAILED  Tests\Feature\Livewire\Statistics\IndexTest > finâ€¦  QueryException   
  SQLSTATE[23000]: Integrity constraint violation: 19 NOT NULL constraint failed: decks.user_id (Connection: sqlite, SQL: insert into "decks" ("name", "public", "updated_at", "created_at") values (expedita odio expedita, 0, 2025-08-25 04:56:03, 2025-08-25 04:56:03))

  at vendor/laravel/framework/src/Illuminate/Database/Connection.php:570
    566â–•             $this->bindValues($statement, $this->prepareBindings($bindings));
    567â–• 
    568â–•             $this->recordsHaveBeenModified();
    569â–• 
  âžœ 570â–•             return $statement->execute();
    571â–•         });
    572â–•     }
    573â–• 
    574â–•     /**

      [2m+26 vendor frames [22m
  27  tests/Feature/Livewire/Statistics/IndexTest.php:49


  Tests:    6 failed, 41 passed (97 assertions)
  Duration: 26.53s

